[debug] [2023-06-11T12:01:05.924Z] ----------------------------------------------------------------------
[debug] [2023-06-11T12:01:05.938Z] Command:       C:\Program Files\nodejs\node.exe C:\Users\ASUS\AppData\Roaming\npm\node_modules\firebase-tools\lib\bin\firebase.js serve
[debug] [2023-06-11T12:01:05.939Z] CLI Version:   12.3.1
[debug] [2023-06-11T12:01:05.940Z] Platform:      win32
[debug] [2023-06-11T12:01:05.941Z] Node Version:  v18.15.0
[debug] [2023-06-11T12:01:05.955Z] Time:          Sun Jun 11 2023 19:01:05 GMT+0700 (Western Indonesia Time)
[debug] [2023-06-11T12:01:05.956Z] ----------------------------------------------------------------------
[debug] 
[debug] [2023-06-11T12:01:05.977Z] >>> [apiv2][query] GET https://firebase-public.firebaseio.com/cli.json [none]
[debug] [2023-06-11T12:01:06.734Z] > command requires scopes: ["email","openid","https://www.googleapis.com/auth/cloudplatformprojects.readonly","https://www.googleapis.com/auth/firebase","https://www.googleapis.com/auth/cloud-platform"]
[debug] [2023-06-11T12:01:06.735Z] > authorizing via signed-in user (c322dsy3011@bangkit.academy)
[debug] [2023-06-11T12:01:06.735Z] [iam] checking project drone-capstone-386903 for permissions ["firebase.projects.get"]
[debug] [2023-06-11T12:01:06.738Z] > refreshing access token with scopes: []
[debug] [2023-06-11T12:01:06.740Z] >>> [apiv2][query] POST https://www.googleapis.com/oauth2/v3/token [none]
[debug] [2023-06-11T12:01:06.741Z] >>> [apiv2][body] POST https://www.googleapis.com/oauth2/v3/token [omitted]
[debug] [2023-06-11T12:01:07.132Z] <<< [apiv2][status] POST https://www.googleapis.com/oauth2/v3/token 200
[debug] [2023-06-11T12:01:07.133Z] <<< [apiv2][body] POST https://www.googleapis.com/oauth2/v3/token [omitted]
[debug] [2023-06-11T12:01:07.157Z] >>> [apiv2][query] POST https://cloudresourcemanager.googleapis.com/v1/projects/drone-capstone-386903:testIamPermissions [none]
[debug] [2023-06-11T12:01:07.158Z] >>> [apiv2][(partial)header] POST https://cloudresourcemanager.googleapis.com/v1/projects/drone-capstone-386903:testIamPermissions x-goog-quota-user=projects/drone-capstone-386903
[debug] [2023-06-11T12:01:07.158Z] >>> [apiv2][body] POST https://cloudresourcemanager.googleapis.com/v1/projects/drone-capstone-386903:testIamPermissions {"permissions":["firebase.projects.get"]}
[debug] [2023-06-11T12:01:07.416Z] <<< [apiv2][status] GET https://firebase-public.firebaseio.com/cli.json 200
[debug] [2023-06-11T12:01:07.417Z] <<< [apiv2][body] GET https://firebase-public.firebaseio.com/cli.json {"cloudBuildErrorAfter":1594252800000,"cloudBuildWarnAfter":1590019200000,"defaultNode10After":1594252800000,"minVersion":"3.0.5","node8DeploysDisabledAfter":1613390400000,"node8RuntimeDisabledAfter":1615809600000,"node8WarnAfter":1600128000000}
[debug] [2023-06-11T12:01:08.749Z] <<< [apiv2][status] POST https://cloudresourcemanager.googleapis.com/v1/projects/drone-capstone-386903:testIamPermissions 200
[debug] [2023-06-11T12:01:08.751Z] <<< [apiv2][body] POST https://cloudresourcemanager.googleapis.com/v1/projects/drone-capstone-386903:testIamPermissions {"permissions":["firebase.projects.get"]}
[debug] [2023-06-11T12:01:08.753Z] >>> [apiv2][query] GET https://firebase.googleapis.com/v1beta1/projects/drone-capstone-386903 [none]
[debug] [2023-06-11T12:01:09.362Z] <<< [apiv2][status] GET https://firebase.googleapis.com/v1beta1/projects/drone-capstone-386903 200
[debug] [2023-06-11T12:01:09.362Z] <<< [apiv2][body] GET https://firebase.googleapis.com/v1beta1/projects/drone-capstone-386903 {"projectId":"drone-capstone-386903","projectNumber":"186983333940","displayName":"Drone-capstone","name":"projects/drone-capstone-386903","resources":{"hostingSite":"drone-capstone-386903","realtimeDatabaseInstance":"drone-capstone-386903-default-rtdb"},"state":"ACTIVE","etag":"1_aeec5fd9-9f66-4bf5-a484-268107f4f1ef"}
[info] 
[info] === Serving from 'C:\Users\ASUS\Documents\GENIUS LAB\firebase'...
[info] 
[debug] [2023-06-11T12:01:09.567Z] defaultcredentials: writing to file C:\Users\ASUS\AppData\Roaming\firebase\c322dsy3011_bangkit_academy_application_default_credentials.json
[debug] [2023-06-11T12:01:09.574Z] Setting GAC to C:\Users\ASUS\AppData\Roaming\firebase\c322dsy3011_bangkit_academy_application_default_credentials.json {"metadata":{"emulator":{"name":"functions"},"message":"Setting GAC to C:\\Users\\ASUS\\AppData\\Roaming\\firebase\\c322dsy3011_bangkit_academy_application_default_credentials.json"}}
[debug] [2023-06-11T12:01:09.578Z] >>> [apiv2][query] GET https://firebase.googleapis.com/v1beta1/projects/drone-capstone-386903/adminSdkConfig [none]
[debug] [2023-06-11T12:01:10.084Z] <<< [apiv2][status] GET https://firebase.googleapis.com/v1beta1/projects/drone-capstone-386903/adminSdkConfig 200
[debug] [2023-06-11T12:01:10.084Z] <<< [apiv2][body] GET https://firebase.googleapis.com/v1beta1/projects/drone-capstone-386903/adminSdkConfig {"projectId":"drone-capstone-386903","databaseURL":"https://drone-capstone-386903-default-rtdb.firebaseio.com","storageBucket":"drone-capstone-386903.appspot.com"}
[info] i  functions: Watching "C:\Users\ASUS\Documents\GENIUS LAB\firebase\functions" for Cloud Functions... {"metadata":{"emulator":{"name":"functions"},"message":"Watching \"C:\\Users\\ASUS\\Documents\\GENIUS LAB\\firebase\\functions\" for Cloud Functions..."}}
[debug] [2023-06-11T12:01:10.160Z] Validating nodejs source
[debug] [2023-06-11T12:01:21.378Z] checkFunctionsSDKVersion was unable to fetch information from NPM Error: spawnSync C:\WINDOWS\system32\cmd.exe ETIMEDOUT
    at Object.spawnSync (node:internal/child_process:1110:20)
    at Object.spawnSync (node:child_process:871:24)
    at Function.spawnSync [as sync] (C:\Users\ASUS\AppData\Roaming\npm\node_modules\firebase-tools\node_modules\cross-spawn\index.js:26:23)
    at Object.getLatestSDKVersion (C:\Users\ASUS\AppData\Roaming\npm\node_modules\firebase-tools\lib\deploy\functions\runtimes\node\versioning.js:55:25)
    at Object.checkFunctionsSDKVersion (C:\Users\ASUS\AppData\Roaming\npm\node_modules\firebase-tools\lib\deploy\functions\runtimes\node\versioning.js:76:32)
    at Delegate.validate (C:\Users\ASUS\AppData\Roaming\npm\node_modules\firebase-tools\lib\deploy\functions\runtimes\node\index.js:84:20)
    at FunctionsEmulator.discoverTriggers (C:\Users\ASUS\AppData\Roaming\npm\node_modules\firebase-tools\lib\emulator\functionsEmulator.js:297:35)
    at async FunctionsEmulator.loadTriggers (C:\Users\ASUS\AppData\Roaming\npm\node_modules\firebase-tools\lib\emulator\functionsEmulator.js:326:34)
    at async FunctionsEmulator.connect (C:\Users\ASUS\AppData\Roaming\npm\node_modules\firebase-tools\lib\emulator\functionsEmulator.js:263:13)
    at async FunctionsServer.connect (C:\Users\ASUS\AppData\Roaming\npm\node_modules\firebase-tools\lib\serve\functions.js:55:9)
[debug] [2023-06-11T12:01:21.381Z] > [functions] package.json contents: {
  "name": "functions",
  "description": "Cloud Functions for Firebase",
  "scripts": {
    "lint": "eslint . --fix",
    "serve": "firebase emulators:start --only functions",
    "shell": "firebase functions:shell",
    "start": "npm run shell",
    "deploy": "firebase deploy --only functions",
    "logs": "firebase functions:log"
  },
  "engines": {
    "node": "18"
  },
  "main": "index.js",
  "dependencies": {
    "firebase-admin": "^11.8.0",
    "firebase-functions": "^4.3.1"
  },
  "devDependencies": {
    "eslint": "^8.15.0",
    "eslint-config-google": "^0.14.0",
    "firebase-functions-test": "^3.1.0"
  },
  "private": true
}
[debug] [2023-06-11T12:01:21.382Z] Building nodejs source
[debug] [2023-06-11T12:01:21.383Z] Failed to find version of module node: reached end of search path C:\Users\ASUS\Documents\GENIUS LAB\firebase\functions\node_modules
[info] +  functions: Using node@18 from host. 
[debug] [2023-06-11T12:01:21.457Z] Could not find functions.yaml. Must use http discovery
[debug] [2023-06-11T12:01:21.480Z] Found firebase-functions binary at 'C:\Users\ASUS\Documents\GENIUS LAB\firebase\functions\node_modules\.bin\firebase-functions'
